c:\users\barab\source\repos\sem33\sem33\x64\debug\vc143.pdb
c:\users\barab\source\repos\sem33\sem33\x64\debug\vc143.idb
c:\users\barab\source\repos\sem33\sem33\x64\debug\sem33.obj
c:\users\barab\source\repos\sem33\sem33\x64\debug\test_shell_sort.obj
c:\users\barab\source\repos\sem33\sem33\x64\debug\test_quick_sort.obj
c:\users\barab\source\repos\sem33\sem33\x64\debug\shell_sort.obj
c:\users\barab\source\repos\sem33\sem33\x64\debug\quick_sort.obj
c:\users\barab\source\repos\sem33\x64\debug\sem33.exe
c:\users\barab\source\repos\sem33\x64\debug\sem33.pdb
c:\users\barab\source\repos\sem33\x64\debug\gmock.dll
c:\users\barab\source\repos\sem33\sem33\x64\debug\sem33.ilk
c:\users\barab\source\repos\sem33\sem33\x64\debug\sem33.tlog\cl.command.1.tlog
c:\users\barab\source\repos\sem33\sem33\x64\debug\sem33.tlog\cl.items.tlog
c:\users\barab\source\repos\sem33\sem33\x64\debug\sem33.tlog\cl.read.1.tlog
c:\users\barab\source\repos\sem33\sem33\x64\debug\sem33.tlog\cl.write.1.tlog
c:\users\barab\source\repos\sem33\sem33\x64\debug\sem33.tlog\link.command.1.tlog
c:\users\barab\source\repos\sem33\sem33\x64\debug\sem33.tlog\link.read.1.tlog
c:\users\barab\source\repos\sem33\sem33\x64\debug\sem33.tlog\link.secondary.1.tlog
c:\users\barab\source\repos\sem33\sem33\x64\debug\sem33.tlog\link.write.1.tlog
c:\users\barab\source\repos\sem33\sem33\x64\debug\sem33.tlog\sem33.write.1u.tlog
